2022-12-31 18:10:05.757  INFO 11008 --- [main] c.l.d.LibraryManagementRestApplication   : Starting LibraryManagementRestApplication using Java 17.0.4 on DESKTOP-AOSSQ5T with PID 11008 (D:\Virtusa\STS-Workspace\LibraryManagementRest\target\classes started by Nikhil in D:\Virtusa\STS-Workspace\LibraryManagementRest)
2022-12-31 18:10:05.766  INFO 11008 --- [main] c.l.d.LibraryManagementRestApplication   : No active profile set, falling back to 1 default profile: "default"
2022-12-31 18:10:06.487  INFO 11008 --- [main] .s.d.r.c.RepositoryConfigurationDelegate : Bootstrapping Spring Data JPA repositories in DEFAULT mode.
2022-12-31 18:10:06.552  INFO 11008 --- [main] .s.d.r.c.RepositoryConfigurationDelegate : Finished Spring Data repository scanning in 56 ms. Found 6 JPA repository interfaces.
2022-12-31 18:10:07.237  INFO 11008 --- [main] o.s.b.w.embedded.tomcat.TomcatWebServer  : Tomcat initialized with port(s): 9098 (http)
2022-12-31 18:10:07.249  INFO 11008 --- [main] o.apache.catalina.core.StandardService   : Starting service [Tomcat]
2022-12-31 18:10:07.249  INFO 11008 --- [main] org.apache.catalina.core.StandardEngine  : Starting Servlet engine: [Apache Tomcat/9.0.65]
2022-12-31 18:10:07.363  INFO 11008 --- [main] o.a.c.c.C.[Tomcat].[localhost].[/]       : Initializing Spring embedded WebApplicationContext
2022-12-31 18:10:07.363  INFO 11008 --- [main] w.s.c.ServletWebServerApplicationContext : Root WebApplicationContext: initialization completed in 1530 ms
2022-12-31 18:10:07.532  INFO 11008 --- [main] o.hibernate.jpa.internal.util.LogHelper  : HHH000204: Processing PersistenceUnitInfo [name: default]
2022-12-31 18:10:07.600  INFO 11008 --- [main] org.hibernate.Version                    : HHH000412: Hibernate ORM core version 5.6.11.Final
2022-12-31 18:10:07.781  INFO 11008 --- [main] o.hibernate.annotations.common.Version   : HCANN000001: Hibernate Commons Annotations {5.1.2.Final}
2022-12-31 18:10:07.902  INFO 11008 --- [main] com.zaxxer.hikari.HikariDataSource       : HikariPool-1 - Starting...
2022-12-31 18:10:08.268  INFO 11008 --- [main] com.zaxxer.hikari.HikariDataSource       : HikariPool-1 - Start completed.
2022-12-31 18:10:08.308  INFO 11008 --- [main] org.hibernate.dialect.Dialect            : HHH000400: Using dialect: org.hibernate.dialect.MySQL8Dialect
2022-12-31 18:10:09.422  INFO 11008 --- [main] o.h.e.t.j.p.i.JtaPlatformInitiator       : HHH000490: Using JtaPlatform implementation: [org.hibernate.engine.transaction.jta.platform.internal.NoJtaPlatform]
2022-12-31 18:10:09.429  INFO 11008 --- [main] j.LocalContainerEntityManagerFactoryBean : Initialized JPA EntityManagerFactory for persistence unit 'default'
2022-12-31 18:10:09.843  WARN 11008 --- [main] JpaBaseConfiguration$JpaWebConfiguration : spring.jpa.open-in-view is enabled by default. Therefore, database queries may be performed during view rendering. Explicitly configure spring.jpa.open-in-view to disable this warning
2022-12-31 18:10:10.158  INFO 11008 --- [main] o.s.s.web.DefaultSecurityFilterChain     : Will secure any request with [org.springframework.security.web.session.DisableEncodeUrlFilter@6d77d269, org.springframework.security.web.context.request.async.WebAsyncManagerIntegrationFilter@350d9d23, org.springframework.security.web.context.SecurityContextPersistenceFilter@11267e87, org.springframework.security.web.header.HeaderWriterFilter@5c9168c3, org.springframework.security.web.authentication.logout.LogoutFilter@2e6f1f48, com.libraryrest.demo.securityconfig.JwtRequestFilter@73905dff, org.springframework.security.web.savedrequest.RequestCacheAwareFilter@da5b46f, org.springframework.security.web.servletapi.SecurityContextHolderAwareRequestFilter@80b6098, org.springframework.security.web.authentication.AnonymousAuthenticationFilter@530a46f4, org.springframework.security.web.session.SessionManagementFilter@2604940, org.springframework.security.web.access.ExceptionTranslationFilter@689eab53, org.springframework.security.web.access.intercept.FilterSecurityInterceptor@16269ff4]
2022-12-31 18:10:10.546  INFO 11008 --- [main] o.s.b.w.embedded.tomcat.TomcatWebServer  : Tomcat started on port(s): 9098 (http) with context path ''
2022-12-31 18:10:10.555  INFO 11008 --- [main] c.l.d.LibraryManagementRestApplication   : Started LibraryManagementRestApplication in 5.194 seconds (JVM running for 6.048)
2022-12-31 18:10:36.757  INFO 11008 --- [http-nio-9098-exec-1] o.a.c.c.C.[Tomcat].[localhost].[/]       : Initializing Spring DispatcherServlet 'dispatcherServlet'
2022-12-31 18:10:36.757  INFO 11008 --- [http-nio-9098-exec-1] o.s.web.servlet.DispatcherServlet        : Initializing Servlet 'dispatcherServlet'
2022-12-31 18:10:36.759  INFO 11008 --- [http-nio-9098-exec-1] o.s.web.servlet.DispatcherServlet        : Completed initialization in 1 ms
2022-12-31 18:10:36.775  WARN 11008 --- [http-nio-9098-exec-1] c.l.d.securityconfig.JwtRequestFilter    : JWT Token does not begin with Bearer String
2022-12-31 18:10:44.767  WARN 11008 --- [http-nio-9098-exec-2] c.l.d.securityconfig.JwtRequestFilter    : JWT Token does not begin with Bearer String
2022-12-31 18:10:48.550  WARN 11008 --- [http-nio-9098-exec-3] c.l.d.securityconfig.JwtRequestFilter    : JWT Token does not begin with Bearer String
2022-12-31 18:10:50.962  WARN 11008 --- [http-nio-9098-exec-4] c.l.d.securityconfig.JwtRequestFilter    : JWT Token does not begin with Bearer String
2022-12-31 18:11:06.699  WARN 11008 --- [http-nio-9098-exec-5] c.l.d.securityconfig.JwtRequestFilter    : JWT Token does not begin with Bearer String
2022-12-31 18:11:58.036  WARN 11008 --- [http-nio-9098-exec-7] c.l.d.securityconfig.JwtRequestFilter    : JWT Token does not begin with Bearer String
2022-12-31 18:12:33.964  INFO 11008 --- [RMI TCP Connection(11)-127.0.0.1] inMXBeanRegistrar$SpringApplicationAdmin : Application shutdown requested.
2022-12-31 18:12:33.980  INFO 11008 --- [RMI TCP Connection(11)-127.0.0.1] o.apache.catalina.core.StandardService   : Stopping service [Tomcat]
2022-12-31 18:12:33.981  INFO 11008 --- [RMI TCP Connection(11)-127.0.0.1] o.a.c.c.C.[Tomcat].[localhost].[/]       : Destroying Spring FrameworkServlet 'dispatcherServlet'
2022-12-31 18:12:33.985  WARN 11008 --- [RMI TCP Connection(11)-127.0.0.1] o.a.c.loader.WebappClassLoaderBase       : The web application [ROOT] appears to have started a thread named [HikariPool-1 housekeeper] but has failed to stop it. This is very likely to create a memory leak. Stack trace of thread:
 java.base@17.0.4/jdk.internal.misc.Unsafe.park(Native Method)
 java.base@17.0.4/java.util.concurrent.locks.LockSupport.parkNanos(LockSupport.java:252)
 java.base@17.0.4/java.util.concurrent.locks.AbstractQueuedSynchronizer$ConditionObject.awaitNanos(AbstractQueuedSynchronizer.java:1672)
 java.base@17.0.4/java.util.concurrent.ScheduledThreadPoolExecutor$DelayedWorkQueue.take(ScheduledThreadPoolExecutor.java:1182)
 java.base@17.0.4/java.util.concurrent.ScheduledThreadPoolExecutor$DelayedWorkQueue.take(ScheduledThreadPoolExecutor.java:899)
 java.base@17.0.4/java.util.concurrent.ThreadPoolExecutor.getTask(ThreadPoolExecutor.java:1062)
 java.base@17.0.4/java.util.concurrent.ThreadPoolExecutor.runWorker(ThreadPoolExecutor.java:1122)
 java.base@17.0.4/java.util.concurrent.ThreadPoolExecutor$Worker.run(ThreadPoolExecutor.java:635)
 java.base@17.0.4/java.lang.Thread.run(Thread.java:833)
2022-12-31 18:12:33.997  INFO 11008 --- [RMI TCP Connection(11)-127.0.0.1] j.LocalContainerEntityManagerFactoryBean : Closing JPA EntityManagerFactory for persistence unit 'default'
2022-12-31 18:12:33.998  INFO 11008 --- [RMI TCP Connection(11)-127.0.0.1] com.zaxxer.hikari.HikariDataSource       : HikariPool-1 - Shutdown initiated...
2022-12-31 18:12:34.006  INFO 11008 --- [RMI TCP Connection(11)-127.0.0.1] com.zaxxer.hikari.HikariDataSource       : HikariPool-1 - Shutdown completed.
